<?xml version="1.0" encoding="UTF-8"?>
<!-- Generated by org.testng.reporters.JUnitReportReporter -->
<testsuite hostname="LAPTOP-2QCA4TL3" failures="0" tests="3" name="com.adidas.testrunner.TestNgRunner" time="0.019" errors="0" timestamp="23 Jun 2022 11:37:55 GMT" skipped="0">
  <testcase classname="com.adidas.testrunner.TestNgRunner" name="feature" time="0.002"/>
  <testcase classname="com.adidas.testrunner.TestNgRunner" name="feature" time="0.003"/>
  <testcase classname="com.adidas.testrunner.TestNgRunner" name="feature" time="0.014"/>
</testsuite> <!-- com.adidas.testrunner.TestNgRunner -->
