<?xml version="1.0" encoding="UTF-8"?>
<!-- Generated by org.testng.reporters.JUnitReportReporter -->
<testsuite hostname="LAPTOP-2QCA4TL3" failures="0" tests="2" name="com.vangoghmuseum.testrunner.TestNgRunner" time="28.003" errors="0" timestamp="23 Jun 2022 16:47:05 GMT" skipped="0">
  <testcase classname="com.vangoghmuseum.testrunner.TestNgRunner" name="feature" time="19.309"/>
  <testcase classname="com.vangoghmuseum.testrunner.TestNgRunner" name="feature" time="8.694"/>
</testsuite> <!-- com.vangoghmuseum.testrunner.TestNgRunner -->
